<?xml version="1.0" encoding="UTF-8"?>
<!-- Generated by org.testng.reporters.JUnitXMLReporter -->
<testsuite hostname="DESKTOP-RAK9CJC" ignored="0" name="Test en chrome" tests="3" failures="0" timestamp="07 jun 2021 22:27:50 GMT" time="52.178" errors="0">
  <testcase name="@BeforeClass beforeClass" time="0.0" classname="TestCliente.Test2">
    <failure type="org.testng.TestNGException" message="
Method beforeClass requires 1 parameters but 2 were supplied in the BeforeClass annotation.">
      <![CDATA[org.testng.TestNGException: 
Method beforeClass requires 1 parameters but 2 were supplied in the BeforeClass annotation.
... Removed 23 stack frames]]>
    </failure>
  </testcase> <!-- @BeforeClass beforeClass -->
  <testcase name="@AfterMethod afterTest" time="0.0" classname="TestCliente.Test2">
    <skipped/>
  </testcase> <!-- @AfterMethod afterTest -->
  <testcase name="@AfterMethod afterTest" time="0.0" classname="TestCliente.Test2">
    <skipped/>
  </testcase> <!-- @AfterMethod afterTest -->
  <testcase name="prueba" time="42.422" classname="TestCliente.Test1"/>
  <testcase name="edicion" time="0.0" classname="TestCliente.Test2">
    <skipped/>
  </testcase> <!-- edicion -->
  <testcase name="edicionpart2" time="0.0" classname="TestCliente.Test2">
    <skipped/>
  </testcase> <!-- edicionpart2 -->
</testsuite> <!-- Test en chrome -->
